  [1m[36m (0.0ms)[0m  [1mselect sqlite_version(*)[0m
  [1m[35m (101.3ms)[0m  CREATE TABLE "schema_migrations" ("version" varchar(255) NOT NULL) 
  [1m[36m (0.0ms)[0m  [1mPRAGMA index_list("schema_migrations")[0m
  [1m[35m (75.1ms)[0m  CREATE UNIQUE INDEX "unique_schema_migrations" ON "schema_migrations" ("version")
  [1m[36m (0.1ms)[0m  [1mSELECT "schema_migrations"."version" FROM "schema_migrations" [0m
Migrating to DeviseCreateUsers (20130410130116)
  [1m[35m (0.4ms)[0m  CREATE TABLE "users" ("id" INTEGER PRIMARY KEY AUTOINCREMENT NOT NULL, "email" varchar(255) DEFAULT '' NOT NULL, "encrypted_password" varchar(255) DEFAULT '' NOT NULL, "remember_created_at" datetime, "sign_in_count" integer DEFAULT 0, "current_sign_in_at" datetime, "last_sign_in_at" datetime, "current_sign_in_ip" varchar(255), "last_sign_in_ip" varchar(255), "created_at" datetime, "updated_at" datetime) 
  [1m[36m (0.1ms)[0m  [1mINSERT INTO "schema_migrations" ("version") VALUES ('20130410130116')[0m
Migrating to AddLoginToUsers (20130410130158)
  [1m[35m (0.3ms)[0m  ALTER TABLE "users" ADD "login" varchar(255) DEFAULT '' NOT NULL
  [1m[36m (0.0ms)[0m  [1mPRAGMA index_list("users")[0m
  [1m[35m (0.2ms)[0m  CREATE UNIQUE INDEX "index_users_on_login" ON "users" ("login")
  [1m[36m (0.1ms)[0m  [1mINSERT INTO "schema_migrations" ("version") VALUES ('20130410130158')[0m
  [1m[35m (0.2ms)[0m  select sqlite_version(*)
  [1m[36m (0.1ms)[0m  [1mSELECT "schema_migrations"."version" FROM "schema_migrations" [0m
  [1m[35m (0.0ms)[0m  PRAGMA index_list("users")
  [1m[36m (0.0ms)[0m  [1mPRAGMA index_info('index_users_on_login')[0m


Started GET "/assets/rails.png" for 127.0.0.1 at 2013-04-10 15:12:52 +0200
Served asset /rails.png - 200 OK (39ms)


Started GET "/users/sign_in" for 127.0.0.1 at 2013-04-10 15:13:07 +0200
  Processing by Devise::SessionsController#new as HTML
Rendered devise/shared/_links.erb (0.7ms)
Rendered devise/sessions/new.html.erb within layouts/application (37.3ms)
Compiled application.css  (5ms)  (pid 8591)
Compiled application.js  (2ms)  (pid 8591)
Compiled jquery.js  (8ms)  (pid 8591)
Compiled jquery_ujs.js  (9ms)  (pid 8591)
Completed 200 OK in 332ms (Views: 127.6ms | ActiveRecord: 0.7ms)


Started GET "/assets/application.css?body=1" for 127.0.0.1 at 2013-04-10 15:13:08 +0200
Served asset /application.css - 200 OK (32ms)


Started GET "/assets/jquery.js?body=1" for 127.0.0.1 at 2013-04-10 15:13:08 +0200
Served asset /jquery.js - 200 OK (4ms)


Started GET "/assets/jquery_ujs.js?body=1" for 127.0.0.1 at 2013-04-10 15:13:08 +0200
Served asset /jquery_ujs.js - 200 OK (4ms)


Started GET "/assets/application.js?body=1" for 127.0.0.1 at 2013-04-10 15:13:08 +0200
Served asset /application.js - 200 OK (5ms)


Started GET "/users/sign_in" for 127.0.0.1 at 2013-04-10 15:13:47 +0200
  Processing by Devise::SessionsController#new as HTML
Rendered devise/shared/_links.erb (0.0ms)
Rendered devise/sessions/new.html.erb within layouts/application (3.1ms)
Completed 200 OK in 52ms (Views: 7.3ms | ActiveRecord: 0.5ms)


Started GET "/assets/application.css?body=1" for 127.0.0.1 at 2013-04-10 15:13:47 +0200
Served asset /application.css - 304 Not Modified (0ms)


Started GET "/assets/jquery.js?body=1" for 127.0.0.1 at 2013-04-10 15:13:47 +0200
Served asset /jquery.js - 304 Not Modified (0ms)


Started GET "/assets/jquery_ujs.js?body=1" for 127.0.0.1 at 2013-04-10 15:13:47 +0200
Served asset /jquery_ujs.js - 304 Not Modified (0ms)


Started GET "/assets/application.js?body=1" for 127.0.0.1 at 2013-04-10 15:13:47 +0200
Served asset /application.js - 304 Not Modified (0ms)


Started POST "/users/sign_in" for 127.0.0.1 at 2013-04-10 15:13:55 +0200
  Processing by Devise::SessionsController#create as HTML
  Parameters: {"utf8"=>"✓", "authenticity_token"=>"JNMNvP1dOZ4h+PBW0hki5Mu1LYmywLlqn8XdwMb8CKE=", "user"=>{"login"=>"alerodi", "password"=>"[FILTERED]", "remember_me"=>"0"}, "commit"=>"Sign in"}
  [1m[36mUser Load (0.1ms)[0m  [1mSELECT "users".* FROM "users" WHERE "users"."login" = 'alerodi' LIMIT 1[0m
  [36mLDAP:[0m LDAP dn lookup: cn=alerodi
  [36mLDAP:[0m LDAP search for login: cn=alerodi
  [36mLDAP:[0m Authorizing user cn=alerodi,o=Engineering, c=IT
  [36mLDAP:[0m LDAP dn lookup: cn=alerodi
  [36mLDAP:[0m LDAP search for login: cn=alerodi
DEPRECATION WARNING: an empty resource was given to Devise::Strategies::LdapAuthenticatable#validate. Please ensure the resource is not nil. (called from service at /home/rodi/.rvm/rubies/ruby-1.9.3-p125/lib/ruby/1.9.1/webrick/httpserver.rb:138)
Completed 401 Unauthorized in 1331ms
  Processing by Devise::SessionsController#new as HTML
  Parameters: {"utf8"=>"✓", "authenticity_token"=>"JNMNvP1dOZ4h+PBW0hki5Mu1LYmywLlqn8XdwMb8CKE=", "user"=>{"login"=>"alerodi", "password"=>"[FILTERED]", "remember_me"=>"0"}, "commit"=>"Sign in"}
Rendered devise/shared/_links.erb (0.0ms)
Rendered devise/sessions/new.html.erb within layouts/application (2.3ms)
Completed 200 OK in 7ms (Views: 6.0ms | ActiveRecord: 0.0ms)


Started GET "/assets/jquery.js?body=1" for 127.0.0.1 at 2013-04-10 15:13:56 +0200
Served asset /jquery.js - 304 Not Modified (0ms)


Started GET "/assets/application.css?body=1" for 127.0.0.1 at 2013-04-10 15:13:56 +0200
Served asset /application.css - 304 Not Modified (0ms)


Started GET "/assets/application.js?body=1" for 127.0.0.1 at 2013-04-10 15:13:56 +0200
Served asset /application.js - 304 Not Modified (0ms)


Started GET "/assets/jquery_ujs.js?body=1" for 127.0.0.1 at 2013-04-10 15:13:56 +0200
Served asset /jquery_ujs.js - 304 Not Modified (0ms)


Started GET "/users/sign_in" for 127.0.0.1 at 2013-04-10 15:25:09 +0200
  Processing by Devise::SessionsController#new as HTML
Rendered devise/shared/_links.erb (0.8ms)
Rendered devise/sessions/new.html.erb within layouts/application (39.6ms)
Completed 200 OK in 189ms (Views: 102.0ms | ActiveRecord: 18.6ms)


Started GET "/assets/application.css?body=1" for 127.0.0.1 at 2013-04-10 15:25:09 +0200
Served asset /application.css - 304 Not Modified (0ms)


Started GET "/assets/jquery_ujs.js?body=1" for 127.0.0.1 at 2013-04-10 15:25:09 +0200
Served asset /jquery_ujs.js - 304 Not Modified (17ms)


Started GET "/assets/jquery.js?body=1" for 127.0.0.1 at 2013-04-10 15:25:09 +0200
Served asset /jquery.js - 304 Not Modified (1ms)


Started GET "/assets/application.js?body=1" for 127.0.0.1 at 2013-04-10 15:25:09 +0200
Served asset /application.js - 304 Not Modified (0ms)


Started POST "/users/sign_in" for 127.0.0.1 at 2013-04-10 15:25:17 +0200
  Processing by Devise::SessionsController#create as HTML
  Parameters: {"utf8"=>"✓", "authenticity_token"=>"JNMNvP1dOZ4h+PBW0hki5Mu1LYmywLlqn8XdwMb8CKE=", "user"=>{"login"=>"alerodi", "password"=>"[FILTERED]", "remember_me"=>"0"}, "commit"=>"Sign in"}
  [1m[36mUser Load (0.1ms)[0m  [1mSELECT "users".* FROM "users" WHERE "users"."login" = 'alerodi' LIMIT 1[0m
  [36mLDAP:[0m LDAP dn lookup: uid=alerodi
  [36mLDAP:[0m LDAP search for login: uid=alerodi
  [36mLDAP:[0m Authorizing user cn=Rodi Alessandro - alerodi,ou=Persone,o=engineering,c=it
  [36mLDAP:[0m LDAP dn lookup: uid=alerodi
  [36mLDAP:[0m LDAP search for login: uid=alerodi
  [1m[35mSQL (140.1ms)[0m  INSERT INTO "users" ("created_at", "current_sign_in_at", "current_sign_in_ip", "email", "encrypted_password", "last_sign_in_at", "last_sign_in_ip", "login", "remember_created_at", "sign_in_count", "updated_at") VALUES (?, ?, ?, ?, ?, ?, ?, ?, ?, ?, ?)  [["created_at", Wed, 10 Apr 2013 13:25:17 UTC +00:00], ["current_sign_in_at", nil], ["current_sign_in_ip", nil], ["email", ""], ["encrypted_password", ""], ["last_sign_in_at", nil], ["last_sign_in_ip", nil], ["login", "alerodi"], ["remember_created_at", nil], ["sign_in_count", 0], ["updated_at", Wed, 10 Apr 2013 13:25:17 UTC +00:00]]
  [1m[36m (0.2ms)[0m  [1mUPDATE "users" SET "last_sign_in_at" = '2013-04-10 13:25:17.773997', "current_sign_in_at" = '2013-04-10 13:25:17.773997', "last_sign_in_ip" = '127.0.0.1', "current_sign_in_ip" = '127.0.0.1', "sign_in_count" = 1, "updated_at" = '2013-04-10 13:25:17.774463' WHERE "users"."id" = 1[0m
Redirected to http://localhost:3000/
Completed 302 Found in 705ms


Started GET "/assets/rails.png" for 127.0.0.1 at 2013-04-10 15:25:18 +0200
Served asset /rails.png - 304 Not Modified (39ms)
